-------------------------------------------------------------------------------
Test set: com.examly.springapp.SpringApplicationTests
-------------------------------------------------------------------------------
Tests run: 4, Failures: 3, Errors: 1, Skipped: 0, Time elapsed: 8.694 s <<< FAILURE! - in com.examly.springapp.SpringApplicationTests
test_case1(com.examly.springapp.SpringApplicationTests)  Time elapsed: 0.191 s  <<< ERROR!
org.springframework.web.util.NestedServletException: Request processing failed; nested exception is org.springframework.orm.jpa.JpaSystemException: ids for this class must be manually assigned before calling save(): com.examly.springapp.Task; nested exception is org.hibernate.id.IdentifierGenerationException: ids for this class must be manually assigned before calling save(): com.examly.springapp.Task
	at com.examly.springapp.SpringApplicationTests.test_case1(SpringApplicationTests.java:30)
Caused by: org.springframework.orm.jpa.JpaSystemException: ids for this class must be manually assigned before calling save(): com.examly.springapp.Task; nested exception is org.hibernate.id.IdentifierGenerationException: ids for this class must be manually assigned before calling save(): com.examly.springapp.Task
	at com.examly.springapp.SpringApplicationTests.test_case1(SpringApplicationTests.java:30)
Caused by: org.hibernate.id.IdentifierGenerationException: ids for this class must be manually assigned before calling save(): com.examly.springapp.Task
	at com.examly.springapp.SpringApplicationTests.test_case1(SpringApplicationTests.java:30)

test_case2(com.examly.springapp.SpringApplicationTests)  Time elapsed: 0.062 s  <<< FAILURE!
java.lang.AssertionError: Status expected:<200> but was:<404>
	at com.examly.springapp.SpringApplicationTests.test_case2(SpringApplicationTests.java:47)

test_case3(com.examly.springapp.SpringApplicationTests)  Time elapsed: 0.014 s  <<< FAILURE!
java.lang.AssertionError: Status expected:<200> but was:<400>
	at com.examly.springapp.SpringApplicationTests.test_case3(SpringApplicationTests.java:62)

test_case4(com.examly.springapp.SpringApplicationTests)  Time elapsed: 0.013 s  <<< FAILURE!
java.lang.AssertionError: Status expected:<200> but was:<400>
	at com.examly.springapp.SpringApplicationTests.test_case4(SpringApplicationTests.java:79)

