<?xml version="1.0" encoding="UTF-8"?>
<testsuite xmlns:xsi="http://www.w3.org/2001/XMLSchema-instance" xsi:noNamespaceSchemaLocation="https://maven.apache.org/surefire/maven-surefire-plugin/xsd/surefire-test-report.xsd" name="com.examly.springapp.SpringApplicationTests" time="8.161" tests="4" errors="0" skipped="0" failures="3">
  <properties>
[...]
</properties>
  <testcase name="test_case1" classname="com.examly.springapp.SpringApplicationTests" time="0.3"/>
  <testcase name="test_case2" classname="com.examly.springapp.SpringApplicationTests" time="0.186">
    <failure message="No value at JSON path &quot;$[*].houseNo&quot;" type="java.lang.AssertionError">java.lang.AssertionError: No value at JSON path "$[*].houseNo"
	at com.examly.springapp.SpringApplicationTests.test_case2(SpringApplicationTests.java:48)
</failure>
    <system-out><![CDATA[2023-08-08 20:30:35.112  INFO 21184 --- [           main] o.h.h.i.QueryTranslatorFactoryInitiator  : HHH000397: Using ASTQueryTranslatorFactory
Hibernate: select task0_.task_id as task_id1_0_, task0_.task_date as task_dat2_0_, task0_.task_holder_name as task_hol3_0_, task0_.task_name as task_nam4_0_, task0_.task_status as task_sta5_0_ from tasks1 task0_

MockHttpServletRequest:
      HTTP Method = GET
      Request URI = /alltasks
       Parameters = {}
          Headers = [Content-Type:"application/json;charset=UTF-8", Accept:"application/json"]
             Body = null
    Session Attrs = {}

Handler:
             Type = com.examly.springapp.TaskController
           Method = public java.util.List<com.examly.springapp.Task> com.examly.springapp.TaskController.getAllSubjects()

Async:
    Async started = false
     Async result = null

Resolved Exception:
             Type = null

ModelAndView:
        View name = null
             View = null
            Model = null

FlashMap:
       Attributes = null

MockHttpServletResponse:
           Status = 200
    Error message = null
          Headers = [Content-Type:"application/json;charset=UTF-8"]
     Content type = application/json;charset=UTF-8
             Body = [{"taskId":"12211","taskHolderName":"Gowthaman M","taskDate":"4/15/2021","taskName":"Spring Projects","taskStatus":"In Progress"}]
    Forwarded URL = null
   Redirected URL = null
          Cookies = []
]]></system-out>
  </testcase>
  <testcase name="test_case3" classname="com.examly.springapp.SpringApplicationTests" time="0.028">
    <failure message="Status expected:&lt;200&gt; but was:&lt;404&gt;" type="java.lang.AssertionError"><![CDATA[java.lang.AssertionError: Status expected:<200> but was:<404>
	at com.examly.springapp.SpringApplicationTests.test_case3(SpringApplicationTests.java:62)
]]></failure>
    <system-out><![CDATA[
MockHttpServletRequest:
      HTTP Method = GET
      Request URI = /getTask
       Parameters = {taskId=[12211]}
          Headers = [Content-Type:"application/json;charset=UTF-8", Accept:"application/json"]
             Body = null
    Session Attrs = {}

Handler:
             Type = org.springframework.web.servlet.resource.ResourceHttpRequestHandler

Async:
    Async started = false
     Async result = null

Resolved Exception:
             Type = null

ModelAndView:
        View name = null
             View = null
            Model = null

FlashMap:
       Attributes = null

MockHttpServletResponse:
           Status = 404
    Error message = null
          Headers = []
     Content type = null
             Body = 
    Forwarded URL = null
   Redirected URL = null
          Cookies = []
]]></system-out>
  </testcase>
  <testcase name="test_case4" classname="com.examly.springapp.SpringApplicationTests" time="0.003">
    <failure message="Status expected:&lt;200&gt; but was:&lt;404&gt;" type="java.lang.AssertionError"><![CDATA[java.lang.AssertionError: Status expected:<200> but was:<404>
	at com.examly.springapp.SpringApplicationTests.test_case4(SpringApplicationTests.java:79)
]]></failure>
    <system-out><![CDATA[
MockHttpServletRequest:
      HTTP Method = GET
      Request URI = /deleteTask
       Parameters = {taskId=[12211]}
          Headers = [Content-Type:"application/json;charset=UTF-8", Accept:"application/json"]
             Body = null
    Session Attrs = {}

Handler:
             Type = org.springframework.web.servlet.resource.ResourceHttpRequestHandler

Async:
    Async started = false
     Async result = null

Resolved Exception:
             Type = null

ModelAndView:
        View name = null
             View = null
            Model = null

FlashMap:
       Attributes = null

MockHttpServletResponse:
           Status = 404
    Error message = null
          Headers = []
     Content type = null
             Body = 
    Forwarded URL = null
   Redirected URL = null
          Cookies = []
]]></system-out>
  </testcase>
</testsuite>